============================================================
Time  2021/05/13 11:46:16 020 
============================================================
[2021/05/13 11:46:16 020] isr        1659 isr loaded!  
[2021/05/13 11:46:16 020] isr        1642 SYS_MSG_REGCB param0 =   msp_status_cb  param1 =   func(d402d650) 
[2021/05/13 11:46:16 021] isr        1537 ASR_MSG_SSB  
[2021/05/13 11:46:16 021] isr        1066 session_begin() [in], params:   sub = iat, domain = iat, language = zh_cn, accent = mandarin, sample_rate = 16000, result_type = plain, result_encoding = utf8  nil  
[2021/05/13 11:46:16 021] isr        927  vad_set [in]  
[2021/05/13 11:46:16 021] isr        962  vad_enable :  true  
[2021/05/13 11:46:16 022] isr        980  vad_bos :  10000  
[2021/05/13 11:46:16 022] isr        981  vad_eos :  2000  
[2021/05/13 11:46:16 022] isr        886  enable_vad [in]  
[2021/05/13 11:46:16 023] isr        918  vad enabled!  2000  10000  
[2021/05/13 11:46:16 023] isr        921  enable_vad [out]  
[2021/05/13 11:46:16 023] isr        987  vad_set [out] | ret =  0  
[2021/05/13 11:46:16 024] isr        1187 cur_engine_type =   cloud  
[2021/05/13 11:46:16 024] isr        1001 cloud_session_begin  
[2021/05/13 11:46:16 024] isr        1013 unknown  
[2021/05/13 11:46:16 170] isr        691  cloud_err_cb errorcode =   10407  detail =   MSS:bad response:10407  
[2021/05/13 11:46:16 170] isr        399  error occurred:   cloud  10407  
[2021/05/13 11:46:16 181] isr        1547 ASR_MSG_AUW,   cloud  
[2021/05/13 11:46:16 181] isr        1559 3200  1  
[2021/05/13 11:46:16 181] isr        1569 once_bytes:   3200  
[2021/05/13 11:46:16 182] isr        1639 ASR_MSG_SSE,   cloud  
[2021/05/13 11:46:16 182] isr        1356 session_end() [in]  
[2021/05/13 11:46:16 182] isr        1421 cloud_session_end() [in]  
[2021/05/13 11:46:16 183] isr        1488 ns_host=  open.xf-yun.com  
[2021/05/13 11:46:16 183] isr        1498 tick()mod=  42041341  
[2021/05/13 11:46:16 183] isr        1499 tick()=  42041341  
[2021/05/13 11:46:16 183] isr        1501 diff=  30  
[2021/05/13 11:46:16 183] isr        1514 cloud_session_end() [out]  
[2021/05/13 11:46:16 183] isr        851  [aud] speech start  
[2021/05/13 11:46:16 183] isr        798  1  msc  
[2021/05/13 11:46:16 184] isr        1667 isr unload!  
============================================================
Time  2021/05/13 11:46:59 642 
============================================================
[2021/05/13 11:46:59 642] isr        1659 isr loaded!  
[2021/05/13 11:46:59 642] isr        1642 SYS_MSG_REGCB param0 =   msp_status_cb  param1 =   func(ec02d640) 
[2021/05/13 11:46:59 642] isr        1537 ASR_MSG_SSB  
[2021/05/13 11:46:59 642] isr        1066 session_begin() [in], params:   sub = iat, domain = iat, language = zh_cn, accent = mandarin, sample_rate = 16000, result_type = plain, result_encoding = utf8  nil  
[2021/05/13 11:46:59 642] isr        927  vad_set [in]  
[2021/05/13 11:46:59 642] isr        962  vad_enable :  true  
[2021/05/13 11:46:59 642] isr        980  vad_bos :  10000  
[2021/05/13 11:46:59 642] isr        981  vad_eos :  2000  
[2021/05/13 11:46:59 642] isr        886  enable_vad [in]  
[2021/05/13 11:46:59 643] isr        918  vad enabled!  2000  10000  
[2021/05/13 11:46:59 643] isr        921  enable_vad [out]  
[2021/05/13 11:46:59 643] isr        987  vad_set [out] | ret =  0  
[2021/05/13 11:46:59 643] isr        1187 cur_engine_type =   cloud  
[2021/05/13 11:46:59 643] isr        1001 cloud_session_begin  
[2021/05/13 11:46:59 643] isr        1013 unknown  
[2021/05/13 11:46:59 834] isr        691  cloud_err_cb errorcode =   10407  detail =   MSS:bad response:10407  
[2021/05/13 11:46:59 834] isr        399  error occurred:   cloud  10407  
[2021/05/13 11:46:59 879] isr        1547 ASR_MSG_AUW,   cloud  
[2021/05/13 11:46:59 879] isr        1559 3200  1  
[2021/05/13 11:46:59 879] isr        1569 once_bytes:   3200  
[2021/05/13 11:46:59 880] isr        1639 ASR_MSG_SSE,   cloud  
[2021/05/13 11:46:59 881] isr        1356 session_end() [in]  
[2021/05/13 11:46:59 881] isr        1421 cloud_session_end() [in]  
[2021/05/13 11:46:59 882] isr        1488 ns_host=  open.xf-yun.com  
[2021/05/13 11:46:59 882] isr        1498 tick()mod=  42085041  
[2021/05/13 11:46:59 882] isr        1499 tick()=  42085041  
[2021/05/13 11:46:59 882] isr        1501 diff=  84  
[2021/05/13 11:46:59 883] isr        1514 cloud_session_end() [out]  
[2021/05/13 11:46:59 883] isr        1667 isr unload!  
============================================================
Time  2021/05/13 12:00:11 752 
============================================================
[2021/05/13 12:00:11 752] isr        1659 isr loaded!  
[2021/05/13 12:00:11 752] isr        1642 SYS_MSG_REGCB param0 =   msp_status_cb  param1 =   func(6802d640) 
[2021/05/13 12:00:11 753] isr        1537 ASR_MSG_SSB  
[2021/05/13 12:00:11 753] isr        1066 session_begin() [in], params:   sub = iat, domain = iat, language = zh_cn, accent = mandarin, sample_rate = 16000, result_type = plain, result_encoding = utf8  nil  
[2021/05/13 12:00:11 753] isr        927  vad_set [in]  
[2021/05/13 12:00:11 753] isr        962  vad_enable :  true  
[2021/05/13 12:00:11 753] isr        980  vad_bos :  10000  
[2021/05/13 12:00:11 753] isr        981  vad_eos :  2000  
[2021/05/13 12:00:11 753] isr        886  enable_vad [in]  
[2021/05/13 12:00:11 753] isr        918  vad enabled!  2000  10000  
[2021/05/13 12:00:11 753] isr        921  enable_vad [out]  
[2021/05/13 12:00:11 753] isr        987  vad_set [out] | ret =  0  
[2021/05/13 12:00:11 753] isr        1187 cur_engine_type =   cloud  
[2021/05/13 12:00:11 753] isr        1001 cloud_session_begin  
[2021/05/13 12:00:11 753] isr        1013 unknown  
[2021/05/13 12:00:11 970] isr        691  cloud_err_cb errorcode =   10407  detail =   MSS:bad response:10407  
[2021/05/13 12:00:11 970] isr        399  error occurred:   cloud  10407  
[2021/05/13 12:00:11 989] isr        1547 ASR_MSG_AUW,   cloud  
[2021/05/13 12:00:11 990] isr        1559 3200  1  
[2021/05/13 12:00:11 990] isr        1569 once_bytes:   3200  
[2021/05/13 12:00:11 992] isr        1639 ASR_MSG_SSE,   cloud  
[2021/05/13 12:00:11 992] isr        1356 session_end() [in]  
[2021/05/13 12:00:11 992] isr        1421 cloud_session_end() [in]  
[2021/05/13 12:00:11 995] isr        1488 ns_host=  open.xf-yun.com  
[2021/05/13 12:00:11 995] isr        1498 tick()mod=  42877153  
[2021/05/13 12:00:11 995] isr        1499 tick()=  42877153  
[2021/05/13 12:00:11 995] isr        1501 diff=  34  
[2021/05/13 12:00:11 995] isr        1514 cloud_session_end() [out]  
[2021/05/13 12:00:11 996] isr        1667 isr unload!  
============================================================
Time  2021/05/13 12:19:07 458 
============================================================
[2021/05/13 12:19:07 458] isr        1659 isr loaded!  
[2021/05/13 12:19:07 458] isr        1642 SYS_MSG_REGCB param0 =   msp_status_cb  param1 =   func(4002d660) 
[2021/05/13 12:19:07 458] isr        1537 ASR_MSG_SSB  
[2021/05/13 12:19:07 458] isr        1066 session_begin() [in], params:   sub = iat, domain = iat, language = zh_cn, accent = mandarin, sample_rate = 16000, result_type = plain, result_encoding = utf8  nil  
[2021/05/13 12:19:07 458] isr        927  vad_set [in]  
[2021/05/13 12:19:07 458] isr        962  vad_enable :  true  
[2021/05/13 12:19:07 459] isr        980  vad_bos :  10000  
[2021/05/13 12:19:07 459] isr        981  vad_eos :  2000  
[2021/05/13 12:19:07 459] isr        886  enable_vad [in]  
[2021/05/13 12:19:07 459] isr        918  vad enabled!  2000  10000  
[2021/05/13 12:19:07 459] isr        921  enable_vad [out]  
[2021/05/13 12:19:07 459] isr        987  vad_set [out] | ret =  0  
[2021/05/13 12:19:07 459] isr        1187 cur_engine_type =   cloud  
[2021/05/13 12:19:07 459] isr        1001 cloud_session_begin  
[2021/05/13 12:19:07 459] isr        1013 unknown  
[2021/05/13 12:19:07 696] isr        1547 ASR_MSG_AUW,   cloud  
[2021/05/13 12:19:07 697] isr        1559 3200  1  
[2021/05/13 12:19:07 697] isr        1569 once_bytes:   3200  
[2021/05/13 12:19:07 698] isr        1547 ASR_MSG_AUW,   cloud  
[2021/05/13 12:19:07 698] isr        1559 3200  2  
[2021/05/13 12:19:07 700] isr        851  [aud] speech start  
[2021/05/13 12:19:07 701] isr        798  1  msc  
[2021/05/13 12:19:07 747] isr        700  cloud_status_cb, eps:  1  
[2021/05/13 12:19:07 748] isr        798  1  cloud  
[2021/05/13 12:19:07 748] isr        813  cloud eps ignored  
[2021/05/13 12:19:07 856] isr        1547 ASR_MSG_AUW,   cloud  
[2021/05/13 12:19:07 856] isr        1559 3200  2  
[2021/05/13 12:19:08 020] isr        1547 ASR_MSG_AUW,   cloud  
[2021/05/13 12:19:08 021] isr        1559 3200  2  
[2021/05/13 12:19:08 022] isr        1547 ASR_MSG_AUW,   cloud  
[2021/05/13 12:19:08 022] isr        1559 3200  2  
[2021/05/13 12:19:08 177] isr        1547 ASR_MSG_AUW,   cloud  
[2021/05/13 12:19:08 177] isr        1559 3200  2  
[2021/05/13 12:19:08 178] isr        1547 ASR_MSG_AUW,   cloud  
[2021/05/13 12:19:08 178] isr        1559 3200  2  
[2021/05/13 12:19:08 341] isr        1547 ASR_MSG_AUW,   cloud  
[2021/05/13 12:19:08 341] isr        1559 3200  2  
[2021/05/13 12:19:08 505] isr        1547 ASR_MSG_AUW,   cloud  
[2021/05/13 12:19:08 505] isr        1559 3200  2  
[2021/05/13 12:19:08 506] isr        1547 ASR_MSG_AUW,   cloud  
[2021/05/13 12:19:08 506] isr        1559 3200  2  
[2021/05/13 12:19:08 668] isr        1547 ASR_MSG_AUW,   cloud  
[2021/05/13 12:19:08 668] isr        1559 3200  2  
[2021/05/13 12:19:08 668] isr        1547 ASR_MSG_AUW,   cloud  
[2021/05/13 12:19:08 668] isr        1559 3200  2  
[2021/05/13 12:19:08 818] isr        1547 ASR_MSG_AUW,   cloud  
[2021/05/13 12:19:08 818] isr        1559 3200  2  
[2021/05/13 12:19:08 981] isr        1547 ASR_MSG_AUW,   cloud  
[2021/05/13 12:19:08 982] isr        1559 3200  2  
[2021/05/13 12:19:08 983] isr        1547 ASR_MSG_AUW,   cloud  
[2021/05/13 12:19:08 983] isr        1559 3200  2  
[2021/05/13 12:19:09 145] isr        1547 ASR_MSG_AUW,   cloud  
[2021/05/13 12:19:09 145] isr        1559 3200  2  
[2021/05/13 12:19:09 308] isr        1547 ASR_MSG_AUW,   cloud  
[2021/05/13 12:19:09 308] isr        1559 3200  2  
[2021/05/13 12:19:09 309] isr        1547 ASR_MSG_AUW,   cloud  
[2021/05/13 12:19:09 310] isr        1559 3200  2  
[2021/05/13 12:19:09 471] isr        1547 ASR_MSG_AUW,   cloud  
[2021/05/13 12:19:09 472] isr        1559 3200  2  
[2021/05/13 12:19:09 473] isr        1547 ASR_MSG_AUW,   cloud  
[2021/05/13 12:19:09 473] isr        1559 3200  2  
[2021/05/13 12:19:09 635] isr        1547 ASR_MSG_AUW,   cloud  
[2021/05/13 12:19:09 635] isr        1559 3200  2  
[2021/05/13 12:19:09 798] isr        1547 ASR_MSG_AUW,   cloud  
[2021/05/13 12:19:09 799] isr        1559 3200  2  
[2021/05/13 12:19:09 799] isr        1547 ASR_MSG_AUW,   cloud  
[2021/05/13 12:19:09 800] isr        1559 3200  2  
[2021/05/13 12:19:09 962] isr        1547 ASR_MSG_AUW,   cloud  
[2021/05/13 12:19:09 962] isr        1559 3200  2  
[2021/05/13 12:19:09 963] isr        1547 ASR_MSG_AUW,   cloud  
[2021/05/13 12:19:09 963] isr        1559 3200  2  
[2021/05/13 12:19:10 098] isr        1547 ASR_MSG_AUW,   cloud  
[2021/05/13 12:19:10 099] isr        1559 3200  2  
[2021/05/13 12:19:10 262] isr        1547 ASR_MSG_AUW,   cloud  
[2021/05/13 12:19:10 262] isr        1559 3200  2  
[2021/05/13 12:19:10 263] isr        1547 ASR_MSG_AUW,   cloud  
[2021/05/13 12:19:10 263] isr        1559 3200  2  
[2021/05/13 12:19:10 425] isr        1547 ASR_MSG_AUW,   cloud  
[2021/05/13 12:19:10 426] isr        1559 3200  2  
[2021/05/13 12:19:10 589] isr        1547 ASR_MSG_AUW,   cloud  
[2021/05/13 12:19:10 589] isr        1559 3200  2  
[2021/05/13 12:19:10 590] isr        1547 ASR_MSG_AUW,   cloud  
[2021/05/13 12:19:10 590] isr        1559 3200  2  
[2021/05/13 12:19:10 752] isr        1547 ASR_MSG_AUW,   cloud  
[2021/05/13 12:19:10 752] isr        1559 3200  2  
[2021/05/13 12:19:10 916] isr        1547 ASR_MSG_AUW,   cloud  
[2021/05/13 12:19:10 916] isr        1559 3200  2  
[2021/05/13 12:19:10 917] isr        1547 ASR_MSG_AUW,   cloud  
[2021/05/13 12:19:10 917] isr        1559 3200  2  
[2021/05/13 12:19:11 079] isr        1547 ASR_MSG_AUW,   cloud  
[2021/05/13 12:19:11 080] isr        1559 3200  2  
[2021/05/13 12:19:11 080] isr        1547 ASR_MSG_AUW,   cloud  
[2021/05/13 12:19:11 080] isr        1559 3200  2  
[2021/05/13 12:19:11 242] isr        1547 ASR_MSG_AUW,   cloud  
[2021/05/13 12:19:11 242] isr        1559 3200  2  
[2021/05/13 12:19:11 406] isr        1547 ASR_MSG_AUW,   cloud  
[2021/05/13 12:19:11 406] isr        1559 3200  2  
[2021/05/13 12:19:11 407] isr        1547 ASR_MSG_AUW,   cloud  
[2021/05/13 12:19:11 407] isr        1559 3200  2  
[2021/05/13 12:19:11 569] isr        1547 ASR_MSG_AUW,   cloud  
[2021/05/13 12:19:11 570] isr        1559 3200  2  
[2021/05/13 12:19:11 571] isr        1547 ASR_MSG_AUW,   cloud  
[2021/05/13 12:19:11 571] isr        1559 3200  2  
[2021/05/13 12:19:11 732] isr        1547 ASR_MSG_AUW,   cloud  
[2021/05/13 12:19:11 732] isr        1559 3200  2  
[2021/05/13 12:19:11 896] isr        1547 ASR_MSG_AUW,   cloud  
[2021/05/13 12:19:11 896] isr        1559 3200  2  
[2021/05/13 12:19:11 898] isr        1547 ASR_MSG_AUW,   cloud  
[2021/05/13 12:19:11 898] isr        1559 3200  2  
[2021/05/13 12:19:12 060] isr        1547 ASR_MSG_AUW,   cloud  
[2021/05/13 12:19:12 060] isr        1559 3200  2  
[2021/05/13 12:19:12 061] isr        1547 ASR_MSG_AUW,   cloud  
[2021/05/13 12:19:12 061] isr        1559 3200  2  
[2021/05/13 12:19:12 223] isr        1547 ASR_MSG_AUW,   cloud  
[2021/05/13 12:19:12 223] isr        1559 3200  2  
[2021/05/13 12:19:12 386] isr        1547 ASR_MSG_AUW,   cloud  
[2021/05/13 12:19:12 387] isr        1559 3200  2  
[2021/05/13 12:19:12 388] isr        1547 ASR_MSG_AUW,   cloud  
[2021/05/13 12:19:12 388] isr        1559 3200  2  
[2021/05/13 12:19:12 550] isr        1547 ASR_MSG_AUW,   cloud  
[2021/05/13 12:19:12 550] isr        1559 3200  2  
[2021/05/13 12:19:12 713] isr        1547 ASR_MSG_AUW,   cloud  
[2021/05/13 12:19:12 714] isr        1559 3200  2  
[2021/05/13 12:19:12 715] isr        1547 ASR_MSG_AUW,   cloud  
[2021/05/13 12:19:12 715] isr        1559 3200  2  
[2021/05/13 12:19:12 877] isr        1547 ASR_MSG_AUW,   cloud  
[2021/05/13 12:19:12 877] isr        1559 3200  2  
[2021/05/13 12:19:12 878] isr        1547 ASR_MSG_AUW,   cloud  
[2021/05/13 12:19:12 879] isr        1559 3200  2  
[2021/05/13 12:19:13 019] isr        1547 ASR_MSG_AUW,   cloud  
[2021/05/13 12:19:13 019] isr        1559 3200  2  
[2021/05/13 12:19:13 183] isr        1547 ASR_MSG_AUW,   cloud  
[2021/05/13 12:19:13 183] isr        1559 3200  2  
[2021/05/13 12:19:13 184] isr        1547 ASR_MSG_AUW,   cloud  
[2021/05/13 12:19:13 185] isr        1559 3200  2  
[2021/05/13 12:19:13 347] isr        1547 ASR_MSG_AUW,   cloud  
[2021/05/13 12:19:13 347] isr        1559 3200  2  
[2021/05/13 12:19:13 510] isr        1547 ASR_MSG_AUW,   cloud  
[2021/05/13 12:19:13 511] isr        1559 3200  2  
[2021/05/13 12:19:13 511] isr        1547 ASR_MSG_AUW,   cloud  
[2021/05/13 12:19:13 512] isr        1559 3200  2  
[2021/05/13 12:19:13 674] isr        1547 ASR_MSG_AUW,   cloud  
[2021/05/13 12:19:13 674] isr        1559 3200  2  
[2021/05/13 12:19:13 676] isr        1547 ASR_MSG_AUW,   cloud  
[2021/05/13 12:19:13 676] isr        1559 3200  2  
[2021/05/13 12:19:13 838] isr        1547 ASR_MSG_AUW,   cloud  
[2021/05/13 12:19:13 838] isr        1559 3200  2  
[2021/05/13 12:19:14 001] isr        1547 ASR_MSG_AUW,   cloud  
[2021/05/13 12:19:14 002] isr        1559 3200  2  
[2021/05/13 12:19:14 002] isr        1547 ASR_MSG_AUW,   cloud  
[2021/05/13 12:19:14 003] isr        1559 3200  2  
[2021/05/13 12:19:14 164] isr        1547 ASR_MSG_AUW,   cloud  
[2021/05/13 12:19:14 165] isr        1559 3200  2  
[2021/05/13 12:19:14 165] isr        1547 ASR_MSG_AUW,   cloud  
[2021/05/13 12:19:14 166] isr        1559 3200  2  
[2021/05/13 12:19:14 328] isr        1547 ASR_MSG_AUW,   cloud  
[2021/05/13 12:19:14 328] isr        1559 3200  2  
[2021/05/13 12:19:14 492] isr        1547 ASR_MSG_AUW,   cloud  
[2021/05/13 12:19:14 492] isr        1559 3200  2  
[2021/05/13 12:19:14 493] isr        1547 ASR_MSG_AUW,   cloud  
[2021/05/13 12:19:14 493] isr        1559 3200  2  
[2021/05/13 12:19:14 654] isr        1547 ASR_MSG_AUW,   cloud  
[2021/05/13 12:19:14 655] isr        1559 3200  2  
[2021/05/13 12:19:14 818] isr        1547 ASR_MSG_AUW,   cloud  
[2021/05/13 12:19:14 818] isr        1559 3200  2  
[2021/05/13 12:19:14 819] isr        1547 ASR_MSG_AUW,   cloud  
[2021/05/13 12:19:14 819] isr        1559 3200  2  
[2021/05/13 12:19:14 981] isr        1547 ASR_MSG_AUW,   cloud  
[2021/05/13 12:19:14 982] isr        1559 3200  2  
[2021/05/13 12:19:14 983] isr        1547 ASR_MSG_AUW,   cloud  
[2021/05/13 12:19:14 983] isr        1559 3200  2  
[2021/05/13 12:19:15 145] isr        1547 ASR_MSG_AUW,   cloud  
[2021/05/13 12:19:15 145] isr        1559 3200  2  
[2021/05/13 12:19:15 309] isr        1547 ASR_MSG_AUW,   cloud  
[2021/05/13 12:19:15 309] isr        1559 3200  2  
[2021/05/13 12:19:15 311] isr        1547 ASR_MSG_AUW,   cloud  
[2021/05/13 12:19:15 311] isr        1559 3200  2  
[2021/05/13 12:19:15 472] isr        1547 ASR_MSG_AUW,   cloud  
[2021/05/13 12:19:15 473] isr        1559 3200  2  
[2021/05/13 12:19:15 474] isr        1547 ASR_MSG_AUW,   cloud  
[2021/05/13 12:19:15 474] isr        1559 3200  2  
[2021/05/13 12:19:15 553] isr        662  cloud_rslt_cb status =   0  
[2021/05/13 12:19:15 553] isr        641  process_result call:  cloud  udata(40036138) 0  nil  
[2021/05/13 12:19:15 636] isr        1547 ASR_MSG_AUW,   cloud  
[2021/05/13 12:19:15 636] isr        1559 3200  2  
[2021/05/13 12:19:15 799] isr        1547 ASR_MSG_AUW,   cloud  
[2021/05/13 12:19:15 799] isr        1559 3200  2  
[2021/05/13 12:19:15 800] isr        1636 ASR_MSG_GRSLT,   cloud  
[2021/05/13 12:19:15 800] isr        1335 0  udata(40036138) 0  
[2021/05/13 12:19:15 801] isr        1547 ASR_MSG_AUW,   cloud  
[2021/05/13 12:19:15 802] isr        1559 3200  2  
[2021/05/13 12:19:15 802] isr        1636 ASR_MSG_GRSLT,   cloud  
[2021/05/13 12:19:15 802] isr        1335 0  nil  2  
[2021/05/13 12:19:15 962] isr        1547 ASR_MSG_AUW,   cloud  
[2021/05/13 12:19:15 963] isr        1559 3200  2  
[2021/05/13 12:19:15 964] isr        1547 ASR_MSG_AUW,   cloud  
[2021/05/13 12:19:15 964] isr        1559 3200  2  
[2021/05/13 12:19:16 102] isr        1547 ASR_MSG_AUW,   cloud  
[2021/05/13 12:19:16 102] isr        1559 3200  2  
[2021/05/13 12:19:16 265] isr        1547 ASR_MSG_AUW,   cloud  
[2021/05/13 12:19:16 265] isr        1559 3200  2  
[2021/05/13 12:19:16 267] isr        1547 ASR_MSG_AUW,   cloud  
[2021/05/13 12:19:16 267] isr        1559 3200  2  
[2021/05/13 12:19:16 428] isr        1547 ASR_MSG_AUW,   cloud  
[2021/05/13 12:19:16 428] isr        1559 3200  2  
[2021/05/13 12:19:16 591] isr        1547 ASR_MSG_AUW,   cloud  
[2021/05/13 12:19:16 592] isr        1559 3200  2  
[2021/05/13 12:19:16 593] isr        1547 ASR_MSG_AUW,   cloud  
[2021/05/13 12:19:16 593] isr        1559 3200  2  
[2021/05/13 12:19:16 597] isr        854  [aud] speech end  
[2021/05/13 12:19:16 597] isr        798  3  msc  
[2021/05/13 12:19:16 598] isr        864  aud end, MSC VAD  
[2021/05/13 12:19:16 692] isr        700  cloud_status_cb, eps:  3  
[2021/05/13 12:19:16 692] isr        798  3  cloud  
[2021/05/13 12:19:16 692] isr        800  already speech end  
[2021/05/13 12:19:16 696] isr        662  cloud_rslt_cb status =   5  
[2021/05/13 12:19:16 696] isr        641  process_result call:  cloud  udata(40055118) 5  nil  
[2021/05/13 12:19:16 696] isr        798  3  msc  
[2021/05/13 12:19:16 697] isr        800  already speech end  
[2021/05/13 12:19:16 755] isr        1547 ASR_MSG_AUW,   cloud  
[2021/05/13 12:19:16 756] isr        1559 3200  2  
[2021/05/13 12:19:16 757] isr        1636 ASR_MSG_GRSLT,   cloud  
[2021/05/13 12:19:16 757] isr        1335 0  udata(40055118) 5  
[2021/05/13 12:19:16 859] isr        1639 ASR_MSG_SSE,   cloud  
[2021/05/13 12:19:16 859] isr        1356 session_end() [in]  
[2021/05/13 12:19:16 859] isr        1421 cloud_session_end() [in]  
[2021/05/13 12:19:16 862] isr        1488 ns_host=  open.xf-yun.com  
[2021/05/13 12:19:16 862] isr        1498 tick()mod=  44022021  
[2021/05/13 12:19:16 862] isr        1499 tick()=  44022021  
[2021/05/13 12:19:16 863] isr        1501 diff=  9283  
[2021/05/13 12:19:16 863] isr        1514 cloud_session_end() [out]  
[2021/05/13 12:19:16 864] isr        1667 isr unload!  
============================================================
Time  2021/05/28 09:26:40 919 
============================================================
[2021/05/28 09:26:40 919] isr        1659 isr loaded!  
[2021/05/28 09:26:40 937] isr        1642 SYS_MSG_REGCB param0 =   msp_status_cb  param1 =   func(d402cb60) 
[2021/05/28 09:26:40 937] isr        1537 ASR_MSG_SSB  
[2021/05/28 09:26:40 937] isr        1066 session_begin() [in], params:   sub = iat, domain = iat, language = zh_cn, accent = mandarin, sample_rate = 16000, result_type = plain, result_encoding = utf8  nil  
[2021/05/28 09:26:40 937] isr        927  vad_set [in]  
[2021/05/28 09:26:40 937] isr        962  vad_enable :  true  
[2021/05/28 09:26:40 937] isr        980  vad_bos :  10000  
[2021/05/28 09:26:40 937] isr        981  vad_eos :  2000  
[2021/05/28 09:26:40 938] isr        886  enable_vad [in]  
[2021/05/28 09:26:40 938] isr        918  vad enabled!  2000  10000  
[2021/05/28 09:26:40 938] isr        921  enable_vad [out]  
[2021/05/28 09:26:40 938] isr        987  vad_set [out] | ret =  0  
[2021/05/28 09:26:40 938] isr        1187 cur_engine_type =   cloud  
[2021/05/28 09:26:40 938] isr        1001 cloud_session_begin  
[2021/05/28 09:26:40 938] isr        1013 standard  
[2021/05/28 09:26:41 019] isr        691  cloud_err_cb errorcode =   10212  detail =   MSC:[soc] [1] remote closed!  
[2021/05/28 09:26:41 019] isr        399  error occurred:   cloud  10212  
[2021/05/28 09:26:41 134] isr        1547 ASR_MSG_AUW,   cloud  
[2021/05/28 09:26:41 134] isr        1559 3200  1  
[2021/05/28 09:26:41 134] isr        1569 once_bytes:   3200  
[2021/05/28 09:26:41 134] isr        1639 ASR_MSG_SSE,   cloud  
[2021/05/28 09:26:41 134] isr        1356 session_end() [in]  
[2021/05/28 09:26:41 134] isr        1421 cloud_session_end() [in]  
[2021/05/28 09:26:41 135] isr        1488 ns_host=  open.xf-yun.com  
[2021/05/28 09:26:41 135] isr        1514 cloud_session_end() [out]  
[2021/05/28 09:26:41 135] isr        1667 isr unload!  
============================================================
Time  2021/12/01 10:19:22 112 
============================================================
[2021/12/01 10:19:22 113] isr        1659 isr loaded!  
[2021/12/01 10:19:22 426] isr        1642 SYS_MSG_REGCB param0 =   msp_status_cb  param1 =   func(b802cb40) 
[2021/12/01 10:19:22 427] isr        1537 ASR_MSG_SSB  
[2021/12/01 10:19:22 427] isr        1066 session_begin() [in], params:   sub = iat, domain = iat, language = zh_cn, accent = mandarin, sample_rate = 16000, result_type = plain, result_encoding = utf8  nil  
[2021/12/01 10:19:22 427] isr        927  vad_set [in]  
[2021/12/01 10:19:22 427] isr        962  vad_enable :  true  
[2021/12/01 10:19:22 427] isr        980  vad_bos :  10000  
[2021/12/01 10:19:22 427] isr        981  vad_eos :  2000  
[2021/12/01 10:19:22 427] isr        886  enable_vad [in]  
[2021/12/01 10:19:22 429] isr        918  vad enabled!  2000  10000  
[2021/12/01 10:19:22 429] isr        921  enable_vad [out]  
[2021/12/01 10:19:22 429] isr        987  vad_set [out] | ret =  0  
[2021/12/01 10:19:22 429] isr        1187 cur_engine_type =   cloud  
[2021/12/01 10:19:22 429] isr        1001 cloud_session_begin  
[2021/12/01 10:19:22 429] isr        1013 standard  
[2021/12/01 10:19:22 434] isr        1639 ASR_MSG_SSE,   cloud  
[2021/12/01 10:19:22 434] isr        1356 session_end() [in]  
[2021/12/01 10:19:22 434] isr        1421 cloud_session_end() [in]  
[2021/12/01 10:19:22 436] isr        1488 ns_host=  nil  
[2021/12/01 10:19:22 437] isr        1514 cloud_session_end() [out]  
[2021/12/01 10:19:22 438] isr        1667 isr unload!  
============================================================
Time  2021/12/01 10:24:26 614 
============================================================
[2021/12/01 10:24:26 614] isr        1659 isr loaded!  
[2021/12/01 10:24:26 614] isr        1642 SYS_MSG_REGCB param0 =   msp_status_cb  param1 =   func(2802cb60) 
[2021/12/01 10:24:26 615] isr        1537 ASR_MSG_SSB  
[2021/12/01 10:24:26 615] isr        1066 session_begin() [in], params:   sub = iat, domain = iat, language = zh_cn, accent = mandarin, sample_rate = 16000, result_type = plain, result_encoding = utf8  nil  
[2021/12/01 10:24:26 615] isr        927  vad_set [in]  
[2021/12/01 10:24:26 615] isr        962  vad_enable :  true  
[2021/12/01 10:24:26 616] isr        980  vad_bos :  10000  
[2021/12/01 10:24:26 616] isr        981  vad_eos :  2000  
[2021/12/01 10:24:26 616] isr        886  enable_vad [in]  
[2021/12/01 10:24:26 617] isr        918  vad enabled!  2000  10000  
[2021/12/01 10:24:26 617] isr        921  enable_vad [out]  
[2021/12/01 10:24:26 617] isr        987  vad_set [out] | ret =  0  
[2021/12/01 10:24:26 617] isr        1187 cur_engine_type =   cloud  
[2021/12/01 10:24:26 617] isr        1001 cloud_session_begin  
[2021/12/01 10:24:26 617] isr        1013 standard  
[2021/12/01 10:24:26 621] isr        1547 ASR_MSG_AUW,   cloud  
[2021/12/01 10:24:26 621] isr        1559 6400  1  
[2021/12/01 10:24:26 621] isr        1569 once_bytes:   6400  
[2021/12/01 10:24:26 624] isr        1547 ASR_MSG_AUW,   cloud  
[2021/12/01 10:24:26 624] isr        1559 6400  2  
[2021/12/01 10:24:26 625] isr        1547 ASR_MSG_AUW,   cloud  
[2021/12/01 10:24:26 625] isr        1559 6400  2  
[2021/12/01 10:24:26 626] isr        1547 ASR_MSG_AUW,   cloud  
[2021/12/01 10:24:26 626] isr        1559 6400  2  
[2021/12/01 10:24:26 627] isr        1547 ASR_MSG_AUW,   cloud  
[2021/12/01 10:24:26 628] isr        1559 6400  2  
[2021/12/01 10:24:26 629] isr        1547 ASR_MSG_AUW,   cloud  
[2021/12/01 10:24:26 629] isr        1559 6400  2  
[2021/12/01 10:24:26 631] isr        1547 ASR_MSG_AUW,   cloud  
[2021/12/01 10:24:26 631] isr        1559 6400  2  
[2021/12/01 10:24:26 636] isr        1547 ASR_MSG_AUW,   cloud  
[2021/12/01 10:24:26 636] isr        1559 6400  2  
[2021/12/01 10:24:26 638] isr        851  [aud] speech start  
[2021/12/01 10:24:26 638] isr        798  1  msc  
[2021/12/01 10:24:26 642] isr        1547 ASR_MSG_AUW,   cloud  
[2021/12/01 10:24:26 642] isr        1559 6400  2  
[2021/12/01 10:24:26 643] isr        1547 ASR_MSG_AUW,   cloud  
[2021/12/01 10:24:26 644] isr        1559 6400  2  
[2021/12/01 10:24:26 644] isr        1547 ASR_MSG_AUW,   cloud  
[2021/12/01 10:24:26 645] isr        1559 6400  2  
[2021/12/01 10:24:26 646] isr        1547 ASR_MSG_AUW,   cloud  
[2021/12/01 10:24:26 646] isr        1559 6400  2  
[2021/12/01 10:24:26 647] isr        1547 ASR_MSG_AUW,   cloud  
[2021/12/01 10:24:26 647] isr        1559 6400  2  
[2021/12/01 10:24:26 648] isr        1547 ASR_MSG_AUW,   cloud  
[2021/12/01 10:24:26 648] isr        1559 6400  2  
[2021/12/01 10:24:26 651] isr        1547 ASR_MSG_AUW,   cloud  
[2021/12/01 10:24:26 651] isr        1559 6400  2  
[2021/12/01 10:24:26 652] isr        1547 ASR_MSG_AUW,   cloud  
[2021/12/01 10:24:26 652] isr        1559 6400  2  
[2021/12/01 10:24:26 653] isr        1547 ASR_MSG_AUW,   cloud  
[2021/12/01 10:24:26 654] isr        1559 6400  2  
[2021/12/01 10:24:26 656] isr        1547 ASR_MSG_AUW,   cloud  
[2021/12/01 10:24:26 656] isr        1559 6400  2  
[2021/12/01 10:24:26 661] isr        1547 ASR_MSG_AUW,   cloud  
[2021/12/01 10:24:26 661] isr        1559 6400  2  
[2021/12/01 10:24:26 662] isr        1547 ASR_MSG_AUW,   cloud  
[2021/12/01 10:24:26 662] isr        1559 6400  2  
[2021/12/01 10:24:26 662] isr        1547 ASR_MSG_AUW,   cloud  
[2021/12/01 10:24:26 662] isr        1559 6400  2  
[2021/12/01 10:24:26 663] isr        1547 ASR_MSG_AUW,   cloud  
[2021/12/01 10:24:26 663] isr        1559 6400  2  
[2021/12/01 10:24:26 665] isr        1547 ASR_MSG_AUW,   cloud  
[2021/12/01 10:24:26 665] isr        1559 7420  2  
[2021/12/01 10:24:26 666] isr        1547 ASR_MSG_AUW,   cloud  
[2021/12/01 10:24:26 666] isr        1559 0  4  
[2021/12/01 10:24:26 666] isr        1592 aud end, USER  
[2021/12/01 10:24:26 668] isr        1636 ASR_MSG_GRSLT,   cloud  
[2021/12/01 10:24:26 668] isr        1335 0  nil  2  
[2021/12/01 10:24:26 687] isr        854  [aud] speech end  
[2021/12/01 10:24:26 687] isr        798  3  msc  
[2021/12/01 10:24:26 710] isr        707  cloud_status_cb, start local.  
[2021/12/01 10:24:26 769] isr        1636 ASR_MSG_GRSLT,   cloud  
[2021/12/01 10:24:26 769] isr        1335 0  nil  2  
[2021/12/01 10:24:26 870] isr        1636 ASR_MSG_GRSLT,   cloud  
[2021/12/01 10:24:26 870] isr        1335 0  nil  2  
[2021/12/01 10:24:26 879] isr        691  cloud_err_cb errorcode =   10407  detail =   MSS:bad response:10407  
[2021/12/01 10:24:26 879] isr        399  error occurred:   cloud  10407  
[2021/12/01 10:24:26 971] isr        1636 ASR_MSG_GRSLT,   cloud  
[2021/12/01 10:24:26 971] isr        1335 10407  nil  2  
[2021/12/01 10:24:26 972] isr        1639 ASR_MSG_SSE,   cloud  
[2021/12/01 10:24:26 973] isr        1356 session_end() [in]  
[2021/12/01 10:24:26 973] isr        1421 cloud_session_end() [in]  
[2021/12/01 10:24:26 976] isr        1488 ns_host=  open.xf-yun.com  
[2021/12/01 10:24:26 976] isr        1498 tick()mod=  5831970  
[2021/12/01 10:24:26 976] isr        1499 tick()=  5831970  
[2021/12/01 10:24:26 976] isr        1501 diff=  71  
[2021/12/01 10:24:26 976] isr        1514 cloud_session_end() [out]  
[2021/12/01 10:24:26 977] isr        1667 isr unload!  
