============================================================
Time  2021/12/01 11:19:33 974 
============================================================
[2021/12/01 11:19:33 974] legacyuup  324  SYS_MSG_LOAD  
[2021/12/01 11:19:33 975] legacyuup  237  UUP_MSG_START  
[2021/12/01 11:19:33 975] legacyuup  239  legacyuup  legacyuup_8b6fb7  268436457  1573471853  
[2021/12/01 11:19:33 975] legacyuup  282  User set url is   nil  
[2021/12/01 11:19:33 975] transport  645  paramkvsport is   nil  
[2021/12/01 11:19:33 975] transport  657  ns_enable=  1  
[2021/12/01 11:19:33 975] transport  659  2017-08--24 is_ns_need_close =   nil  
[2021/12/01 11:19:33 975] transport  665  net.nettype=  unknown  
[2021/12/01 11:19:33 975] transport  675  url.full=  nil  
[2021/12/01 11:19:33 975] transport  680  server_url_host=, server_url_port=, server_url_path=  open.xf-yun.com  nil  /msp.do  
[2021/12/01 11:19:33 975] transport  907  net type:  unknown  
[2021/12/01 11:19:33 975] transport  908  net operator:  def  
[2021/12/01 11:19:33 975] transport  909  use proxy:  false  
[2021/12/01 11:19:33 975] legacyuup  299  not login!  
[2021/12/01 11:19:34 239] legacyuup  313  UUP_MSG_LGI_RESULT  
[2021/12/01 11:19:34 239] legacyuup  193  [session] send uup request  
[2021/12/01 11:19:34 239] transport  1105 session.domain=  open.xf-yun.com  
[2021/12/01 11:19:34 239] transport  1106 url.host=  open.xf-yun.com  
[2021/12/01 11:19:34 239] transport  1083 NAMESERVER START  
[2021/12/01 11:19:34 239] transport  1086 name =   asr  
[2021/12/01 11:19:34 239] ns         634  ntt=  unknown  
[2021/12/01 11:19:34 239] transport  1089 trans,ns_inprog =  0  
[2021/12/01 11:19:34 239] ns         582  name server start  
[2021/12/01 11:19:34 239] ns         588  ns_sub =   asr  
[2021/12/01 11:19:34 239] ns         596  ns_host =   open.xf-yun.com  
[2021/12/01 11:19:34 239] ns         475  ns_host=  open.xf-yun.com  
[2021/12/01 11:19:34 239] ns         555  net_type =  standard  
[2021/12/01 11:19:34 239] ns         556  cmwapascmnet =  
[2021/12/01 11:19:34 239] ns         557  uniwapasuninet =  
[2021/12/01 11:19:34 239] ns         558  ctwapasctnet =  
[2021/12/01 11:19:34 240] ns         576  host=  hdns.xf-yun.com  
[2021/12/01 11:19:34 240] network    263  gethostbyname  hdns.xf-yun.com  ns1  
[2021/12/01 11:19:34 240] legacyuup  150  lver:  nil  
[2021/12/01 11:19:34 240] legacyuup  155  cfg_ver:  nil  
[2021/12/01 11:19:34 240] transport  1860 transport_obj.send | in  
[2021/12/01 11:19:34 240] transport  1866 self.msg_flag_q  table(a4044fa0) 
[2021/12/01 11:19:34 240] transport  1867 self.msg_q  table(a4020710) 
[2021/12/01 11:19:34 240] transport  1799 transport_obj.try2send | in  
[2021/12/01 11:19:34 240] transport  1800 self.soc  nil  
[2021/12/01 11:19:34 240] transport  1801 self.connected  false  
[2021/12/01 11:19:34 240] transport  1802 self.latesterr  0  
[2021/12/01 11:19:34 240] transport  1873 transport_obj.send | out  
[2021/12/01 11:19:34 246] network    245  dns resp  0  ns1  
[2021/12/01 11:19:34 246] ns         422  ns dns ok  42.62.116.35  
[2021/12/01 11:19:34 246] ns         209  ip front is  42.62.116  
[2021/12/01 11:19:34 246] ns         429  is_voicecloud_ip=  1  
[2021/12/01 11:19:34 246] ns         436  ip_is_expected=  true  
[2021/12/01 11:19:34 246] ns         444  ip_is_expected=  true  
[2021/12/01 11:19:34 246] network    445  gethttpresp2  42.62.116.35  80  ns2  
[2021/12/01 11:19:34 246] network    465  prot_type  tcp  
[2021/12/01 11:19:34 261] transport  194  [dns] [1] response 58.67.223.138  
[2021/12/01 11:19:34 261] transport  202  58  67  223  138  
[2021/12/01 11:19:34 261] transport  204  ipv =  v4  
[2021/12/01 11:19:34 261] transport  208  dns ip is v4  
[2021/12/01 11:19:34 261] transport  137  ip front is  58.67.223  
[2021/12/01 11:19:34 261] transport  261  expected ip  
[2021/12/01 11:19:34 261] network    95   iptoenv ,  ipcache  open.xf-yun.com  def  58.67.223.138  
[2021/12/01 11:19:34 264] transport  291  dns cb start conn  
[2021/12/01 11:19:34 264] transport  1304 [soc] connect   58.67.223.138  1028  
[2021/12/01 11:19:34 265] transport  1316 mspsoc.open,prot_type=  tcp  
[2021/12/01 11:19:34 317] network    350  connected  ns2  
[2021/12/01 11:19:34 319] network    353  send ok  268  ns2  
[2021/12/01 11:19:34 328] transport  473  [soc] [1] connected  
[2021/12/01 11:19:34 328] transport  1799 transport_obj.try2send | in  
[2021/12/01 11:19:34 328] transport  1800 self.soc  udata(a4055b88) 
[2021/12/01 11:19:34 328] transport  1801 self.connected  true  
[2021/12/01 11:19:34 328] transport  1802 self.latesterr  0  
[2021/12/01 11:19:34 328] transport  1819 transport:try2send,#msg_q=  1  
[2021/12/01 11:19:34 329] transport  1359 build http request.  
[2021/12/01 11:19:34 330] transport  1476 POST /msp.do HTTP/1.1
X-Sub: uup
X-Par: ver=MSSP+0%2E9&sub=uup&cmd=uup&cver=5%2E0%2E44%2E1288&key=0fFtwCTsPK2kAQvoYHxG9LkZqp1VZHk4q0jp2nRw9C0g8^HBywnTxKrWH/Ip8fWxq1wUtlL1r0vp2TK34zs/Xe9hmhs5T9hkChkyt^M7P13vY=
Host: open.xf-yun.com
CT: multipart/mixed;boundary=--
CL: 840

----
Content-Length:224
Content-Type:binary/userdata+userword
Content-Encoding:gzip,encrypt/0.2

ÙžþÔV¢ÏÎé)næ4páƒI‡ê9%?mc%iOLÆ%l=u0ÀÍqa![  
[2021/12/01 11:19:34 333] transport  1819 transport:try2send,#msg_q=  0  
[2021/12/01 11:19:34 334] transport  482  [soc] [1] send ok  1119  
[2021/12/01 11:19:34 334] transport  1799 transport_obj.try2send | in  
[2021/12/01 11:19:34 334] transport  1800 self.soc  udata(a4055b88) 
[2021/12/01 11:19:34 334] transport  1801 self.connected  true  
[2021/12/01 11:19:34 334] transport  1802 self.latesterr  0  
[2021/12/01 11:19:34 334] transport  1819 transport:try2send,#msg_q=  0  
[2021/12/01 11:19:34 453] network    362  readable  ns2  
[2021/12/01 11:19:34 453] network    366  HTTP/1.1 200 OK
Date: Wed, 01 Dec 2021 03:19:34 GMT
Content-Type: application/json
Content-Length: 310
Connection: keep-alive
Server: iflytek/hdns

{"dns":[{"host":"open.xf-yun.com","sip":[{"svc":"asr","ips":[{"ip":"42.62.116.34","port":80,"idc":"dx"},{"ip":"42.62.42.10","port":1028,"idc":"dx"}],"ttl":6000,"compel":0}]}],"default":[{"host":"open.xf-yun.com","sip":[{"svc":"asr","ips":[{"ip":"42.62.42.10","port":1028,"idc":"dx"}],"ttl":6000,"compel":0}]}]}  
[2021/12/01 11:19:34 454] ns         253  name server http resp  0  
[2021/12/01 11:19:34 454] ns         266  ns response OK for this time!  
[2021/12/01 11:19:34 454] ns         277  from_server=  iflytek/hdns  
[2021/12/01 11:19:34 455] ns         360  compel :  0  
[2021/12/01 11:19:34 456] transport  1063 ns_ip =   42.62.116.34  
[2021/12/01 11:19:34 456] transport  1064 ip_type =  assigned_asropen.xf-yun.com_host  
[2021/12/01 11:19:34 456] ns         670  no data in ns_q  
[2021/12/01 11:19:34 457] ns         671  conti_ns,ns_inprog =   1  
[2021/12/01 11:19:34 475] transport  494  [soc] [1] readable  
[2021/12/01 11:19:34 475] transport  1767 HTTP/1.1 200 OK
Content-Length: 1
X-Req-Date: 2021/12/01 11:19:34 451
X-Par: ver=MSSP+0%2E9&ret=0&cver=5%2E0%2E44%2E1288&key=0funViA1B2pfu217qlxfvi^aLEbSLoQpy6GDGWw6F9CaI^HBywnTxKrWH/Ip8fWxq1wUtlL1r0vp2TK34zs/Xe9hmhs5T9hkChkyt^M7P13vY=
CT: text/plain
CL: 1
Content-Length: 1
X-Res-Date: 2021/12/01 11:19:34 467

0  
[2021/12/01 11:19:34 475] transport  1494 a_complete_httpmessage  200  
[2021/12/01 11:19:34 475] transport  1604 is_update  true  
[2021/12/01 11:19:34 475] legacyuup  70   [trans] [id = uuplegacyuup_8b6fb7] readable  
[2021/12/01 11:19:34 477] network    90   ipfromenv ,  ipcache  open.xf-yun.com  def  58.67.223.138  
[2021/12/01 11:19:34 477] transport  981  cached ip is confirmed  
[2021/12/01 11:19:34 477] transport  1332 [soc] disconnect   
[2021/12/01 11:19:34 478] transport  991  transport clean  
[2021/12/01 11:19:34 478] legacyuup  80   uup ok!  
